<?xml version="1.0" encoding="UTF-8"?>
<testsuite xmlns:xsi="http://www.w3.org/2001/XMLSchema-instance" xsi:noNamespaceSchemaLocation="https://maven.apache.org/surefire/maven-surefire-plugin/xsd/surefire-test-report.xsd" name="runners.runnerTest" time="38.862" tests="1" errors="0" skipped="0" failures="0">
  <properties>
[...]
</properties>
  <testcase name="Se debe ingresar a la pagina ToolsQA y realizar el login exitoso" classname="Realizar el login en la pagina ToolsQA" time="32.831"/>
</testsuite>