<?xml version="1.0" encoding="UTF-8" standalone="no"?><testsuite errors="0" failures="1" name="Validar todo el home con textos y productos completos." skipped="0" tests="1" time="35.74" timestamp="2023-04-18 11:21:51"><testcase name="Se debe validar el home completo incluyendo textos de cada producto"><failure message="&#10;Expected: &quot;Oferta express&quot;&#10;     but: was &quot;&quot;&#10;&#10;Expected: &quot;Oferta express&quot;&#10;     but: was &quot;&quot;&#10;&#10;Expected: &quot;Oferta express&quot;&#10;     but: was &quot;&quot;&#10;&#10;Expected: &quot;Oferta express&quot;&#10;     but: was &quot;&quot;&#10;&#10;Expected: &quot;Oferta express&quot;&#10;     but: was &quot;&quot;&#10;&#10;Expected: &quot;Oferta express&quot;&#10;     but: was &quot;&quot;&#10;&#10;Expected: &quot;Oferta express&quot;&#10;     but: was &quot;&quot;&#10;&#10;Expected: &quot;Oferta express&quot;&#10;     but: was &quot;&quot;&#10;&#10;Expected: &quot;Oferta express&quot;&#10;     but: was &quot;&quot;" type="java.lang.AssertionError">
Expected: "Oferta express"
     but: was ""

Expected: "Oferta express"
     but: was ""

Expected: "Oferta express"
     but: was ""

Expected: "Oferta express"
     but: was ""

Expected: "Oferta express"
     but: was ""

Expected: "Oferta express"
     but: was ""

Expected: "Oferta express"
     but: was ""

Expected: "Oferta express"
     but: was ""

Expected: "Oferta express"
     but: was ""</failure><system-err>
Expected: "Oferta express"
     but: was ""

Expected: "Oferta express"
     but: was ""

Expected: "Oferta express"
     but: was ""

Expected: "Oferta express"
     but: was ""

Expected: "Oferta express"
     but: was ""

Expected: "Oferta express"
     but: was ""

Expected: "Oferta express"
     but: was ""

Expected: "Oferta express"
     but: was ""

Expected: "Oferta express"
     but: was ""
stepDefinitions.flujos.homeDefinition.validaLosTextosDeLasCategorias(homeDefinition.java:49)
✽.Valida los textos de las categorias "Oferta express" "Farmacia" "Diabetes" "Genéricos" "Bienestar" "Cuidado personal" "Derma" "Tratamiento capilar" "Salud sexual"(file:///Users/bitsamericas/Desktop/serenityJeison/serenityJason/serenityJason/src/test/resources/features/flujos/validarHome.feature:7)
</system-err></testcase></testsuite>