<?xml version="1.0" encoding="UTF-8" standalone="no"?><testsuite errors="0" failures="1" name="Como usuario quiero realizar la compra de uno o varios productos en prixz.com, logueado y des-logueado." skipped="0" tests="1" time="54.18" timestamp="2022-10-18 06:06:31"><testcase name="Se debe realizar la compra con usuario logueado"><failure message="&#13;&#10;Expected: &quot;Tus pedidos&quot;&#13;&#10;     but: was &quot;&quot;&#13;&#10;&#13;&#10;Expected: &quot;Tus pedidos&quot;&#13;&#10;     but: was &quot;&quot;&#13;&#10;&#13;&#10;Expected: &quot;Tus pedidos&quot;&#13;&#10;     but: was &quot;&quot;&#13;&#10;&#13;&#10;Expected: &quot;Tus pedidos&quot;&#13;&#10;     but: was &quot;&quot;&#13;&#10;&#13;&#10;Expected: &quot;Tus pedidos&quot;&#13;&#10;     but: was &quot;&quot;&#13;&#10;&#13;&#10;Expected: &quot;Tus pedidos&quot;&#13;&#10;     but: was &quot;&quot;" type="java.lang.AssertionError">&#13;
Expected: "Tus pedidos"&#13;
     but: was ""&#13;
&#13;
Expected: "Tus pedidos"&#13;
     but: was ""&#13;
&#13;
Expected: "Tus pedidos"&#13;
     but: was ""&#13;
&#13;
Expected: "Tus pedidos"&#13;
     but: was ""&#13;
&#13;
Expected: "Tus pedidos"&#13;
     but: was ""&#13;
&#13;
Expected: "Tus pedidos"&#13;
     but: was ""</failure><system-err>&#13;
Expected: "Tus pedidos"&#13;
     but: was ""&#13;
&#13;
Expected: "Tus pedidos"&#13;
     but: was ""&#13;
&#13;
Expected: "Tus pedidos"&#13;
     but: was ""&#13;
&#13;
Expected: "Tus pedidos"&#13;
     but: was ""&#13;
&#13;
Expected: "Tus pedidos"&#13;
     but: was ""&#13;
&#13;
Expected: "Tus pedidos"&#13;
     but: was ""&#13;
stepDefinitions.flujos.compraLoginTarjeta.validaTextosPantallaMiCuenta(compraLoginTarjeta.java:47)&#13;
✽.valida textos pantalla mi cuenta "Tus pedidos" "Direcciones" "Mis datos" "Inicio" "Programa de Lealtad"	"Salir"(file:///C:/Users/jason/OneDrive%20-%20Logistica%20Prixz%20SAPI%20de%20CV/Prixz_E-Commerce/src/test/resources/features/flujos/compraProduccionLogin.feature:8)&#13;
</system-err></testcase></testsuite>